<?xml version="1.0" encoding="UTF-8"?>
<!-- Generated by org.testng.reporters.JUnitXMLReporter -->
<testsuite ignored="0" hostname="LAPTOP-5F0AKJ4H" failures="0" tests="3" name="MacOS Test" time="94.875" errors="0" timestamp="29 Jul 2022 06:11:52 GMT">
  <testcase classname="lambdatest.LambdaTest" name="testScenarioOne" time="1.571"/>
  <testcase classname="lambdatest.LambdaTest" name="testScenarioTwo" time="4.356"/>
  <testcase classname="lambdatest.LambdaTest" name="testScenarioThree" time="4.238"/>
</testsuite> <!-- MacOS Test -->
