<?xml version="1.0" encoding="UTF-8"?>
<!-- Generated by org.testng.reporters.JUnitXMLReporter -->
<testsuite ignored="0" hostname="LAPTOP-5F0AKJ4H" failures="0" tests="3" name="Windows 7 Test" time="54.325" errors="0" timestamp="29 Jul 2022 06:11:12 GMT">
  <testcase classname="lambdatest.LambdaTest" name="testScenarioOne" time="1.334"/>
  <testcase classname="lambdatest.LambdaTest" name="testScenarioTwo" time="4.071"/>
  <testcase classname="lambdatest.LambdaTest" name="testScenarioThree" time="4.032"/>
</testsuite> <!-- Windows 7 Test -->
