<?xml version="1.0" encoding="UTF-8"?>
<!-- Generated by org.testng.reporters.JUnitXMLReporter -->
<testsuite ignored="0" hostname="LAPTOP-5F0AKJ4H" failures="0" tests="3" name="Windows 10" time="116.506" errors="0" timestamp="29 Jul 2022 06:12:14 GMT">
  <testcase classname="lambdatest.LambdaTest" name="testScenarioOne" time="1.811"/>
  <testcase classname="lambdatest.LambdaTest" name="testScenarioTwo" time="4.393"/>
  <testcase classname="lambdatest.LambdaTest" name="testScenarioThree" time="6.687"/>
</testsuite> <!-- Windows 10 -->
