<?xml version="1.0" encoding="UTF-8"?>
<!-- Generated by org.testng.reporters.JUnitXMLReporter -->
<testsuite ignored="0" hostname="sakshinarkh-testngcerti-91c8ta24pwv" failures="0" tests="3" name="MacOS Test" time="74.721" errors="0" timestamp="29 Jul 2022 18:37:27 GMT">
  <testcase classname="lambdatest.LambdaTest" name="testScenarioOne" time="1.141"/>
  <testcase classname="lambdatest.LambdaTest" name="testScenarioTwo" time="3.706"/>
  <testcase classname="lambdatest.LambdaTest" name="testScenarioThree" time="3.752"/>
</testsuite> <!-- MacOS Test -->
