<?xml version="1.0" encoding="UTF-8"?>
<!-- Generated by org.testng.reporters.JUnitXMLReporter -->
<testsuite ignored="0" hostname="sakshinarkh-testngcerti-91c8ta24pwv" failures="0" tests="3" name="Windows 7 Test" time="75.0" errors="0" timestamp="29 Jul 2022 18:37:27 GMT">
  <testcase classname="lambdatest.LambdaTest" name="testScenarioOne" time="0.849"/>
  <testcase classname="lambdatest.LambdaTest" name="testScenarioTwo" time="3.099"/>
  <testcase classname="lambdatest.LambdaTest" name="testScenarioThree" time="3.471"/>
</testsuite> <!-- Windows 7 Test -->
