<?xml version="1.0" encoding="UTF-8"?>
<!-- Generated by org.testng.reporters.JUnitXMLReporter -->
<testsuite ignored="0" hostname="sakshinarkh-testngcerti-91c8ta24pwv" failures="0" tests="3" name="Windows 10" time="118.174" errors="0" timestamp="29 Jul 2022 18:38:10 GMT">
  <testcase classname="lambdatest.LambdaTest" name="testScenarioOne" time="1.491"/>
  <testcase classname="lambdatest.LambdaTest" name="testScenarioTwo" time="5.983"/>
  <testcase classname="lambdatest.LambdaTest" name="testScenarioThree" time="6.707"/>
</testsuite> <!-- Windows 10 -->
