<?xml version="1.0" encoding="UTF-8"?>
<!-- Generated by org.testng.reporters.JUnitXMLReporter -->
<testsuite ignored="0" hostname="sakshinarkh-testngcerti-91c8ta24pwv" failures="0" tests="3" name="Windows 10 Test" time="115.801" errors="0" timestamp="29 Jul 2022 18:38:08 GMT">
  <testcase classname="lambdatest.LambdaTest" name="testScenarioOne" time="2.895"/>
  <testcase classname="lambdatest.LambdaTest" name="testScenarioTwo" time="3.462"/>
  <testcase classname="lambdatest.LambdaTest" name="testScenarioThree" time="3.528"/>
</testsuite> <!-- Windows 10 Test -->
