<?xml version="1.0" encoding="UTF-8"?>
<testsuite xmlns:xsi="http://www.w3.org/2001/XMLSchema-instance" xsi:noNamespaceSchemaLocation="https://maven.apache.org/surefire/maven-surefire-plugin/xsd/surefire-test-report.xsd" name="TestSuite" time="118.44" tests="12" errors="0" skipped="0" failures="0">
  <properties>
[...]
</properties>
  <testcase name="testScenarioOne" classname="lambdatest.LambdaTest" time="0.573"/>
  <testcase name="testScenarioOne" classname="lambdatest.LambdaTest" time="2.894"/>
  <testcase name="testScenarioOne" classname="lambdatest.LambdaTest" time="0.85"/>
  <testcase name="testScenarioOne" classname="lambdatest.LambdaTest" time="1.142"/>
  <testcase name="testScenarioTwo" classname="lambdatest.LambdaTest" time="1.959"/>
  <testcase name="testScenarioTwo" classname="lambdatest.LambdaTest" time="3.099"/>
  <testcase name="testScenarioTwo" classname="lambdatest.LambdaTest" time="1.087"/>
  <testcase name="testScenarioTwo" classname="lambdatest.LambdaTest" time="5.984"/>
  <testcase name="testScenarioThree" classname="lambdatest.LambdaTest" time="3.471"/>
  <testcase name="testScenarioThree" classname="lambdatest.LambdaTest" time="3.503"/>
  <testcase name="testScenarioThree" classname="lambdatest.LambdaTest" time="3.528"/>
  <testcase name="testScenarioThree" classname="lambdatest.LambdaTest" time="6.077"/>
</testsuite>